#
# A fatal error has been detected by the Java Runtime Environment:
#
#  SIGSEGV (0xb) at pc=0x00007fff20512e7e, pid=24168, tid=775
#
# JRE version: OpenJDK Runtime Environment (11.0.10) (build 11.0.10+0-b96-7281165)
# Java VM: OpenJDK 64-Bit Server VM (11.0.10+0-b96-7281165, mixed mode, tiered, compressed oops, g1 gc, bsd-amd64)
# Problematic frame:
# C  [libsystem_kernel.dylib+0xe7e]  mach_msg_trap+0xa
#
# No core dump will be written. Core dumps have been disabled. To enable core dumping, try "ulimit -c unlimited" before starting Java again
#
# If you would like to submit a bug report, please visit:
#   https://bugreport.java.com/bugreport/crash.jsp
#

---------------  S U M M A R Y ------------

Command Line: org.jetbrains.kotlin.cli.jvm.K2JVMCompiler @/Users/amanshuraikwar/projects/NxtBuz/data/build/20210701_4451855691466785102.compiler.options

Host: MacBookPro14,1 x86_64 2300 MHz, 4 cores, 8G, Darwin 20.3.0
Time: Thu Jul  1 20:34:06 2021 +08 elapsed time: 30.438687 seconds (0d 0h 0m 30s)

---------------  T H R E A D  ---------------

Current thread is native thread

Stack: [0x00007ffeedcef000,0x00007ffeee4ef000],  sp=0x00007ffeee4ebfd8,  free space=8179k
Native frames: (J=compiled Java code, A=aot compiled Java code, j=interpreted, Vv=VM code, C=native code)
C  [libsystem_kernel.dylib+0xe7e]  mach_msg_trap+0xa
C  [CoreFoundation+0x81bf7]  __CFRunLoopServiceMachPort+0x13c
C  [CoreFoundation+0x802ca]  __CFRunLoopRun+0x523
C  [CoreFoundation+0x7f6ce]  CFRunLoopRunSpecific+0x233
C  [libjli.dylib+0xc3f9]  CreateExecutionEnvironment+0x17d
C  [libjli.dylib+0x8791]  JLI_Launch+0x4fb
C  [java+0x2044]  main+0x174
C  [libdyld.dylib+0x15621]  start+0x1


siginfo: si_signo: 11 (SIGSEGV), si_code: 0 (unknown), si_addr: 0x00007ffeee4ec000

Register to memory mapping:

RAX=
[error occurred during error reporting (printing register info), id 0xb, SIGSEGV (0xb) at pc=0x0000000103f51448]

Registers:
RAX=0x0000000010004005, RBX=0x0000000000001203, RCX=0x00007ffeee4ebfd8, RDX=0x0000000000000000
RSP=0x00007ffeee4ebfd8, RBP=0x00007ffeee4ec030, RSI=0x0000000007000806, RDI=0x00007ffeee4ec1d0
R8 =0x0000000000001203, R9 =0x00000000ffffffff, R10=0x0000000000000c00, R11=0x0000000000000246
R12=0x0000000007000806, R13=0x0000000000000c00, R14=0x00007ffeee4ec1d0, R15=0x00000000ffffffff
RIP=0x00007fff20512e7e, EFLAGS=0x0000000000000246, ERR=0x000000000100001f
  TRAPNO=0x0000000000000085

Top of Stack: (sp=0x00007ffeee4ebfd8)
0x00007ffeee4ebfd8:   00007fff2051327d 0000000000000000
0x00007ffeee4ebfe8:   00000000ffffffff 00007ffeee4ec030
0x00007ffeee4ebff8:   0700080620512c69 00001203ffffffff
0x00007ffeee4ec008:   00000000ffffffff 0000000000001203
0x00007ffeee4ec018:   00007ffeee4ec1d0 00007ffeee4ec148
0x00007ffeee4ec028:   0000000007000806 00007ffeee4ec0b0
0x00007ffeee4ec038:   00007fff2063fbf7 0000000000000000
0x00007ffeee4ec048:   00007ffeee4ec150 00007ffeee4ec158
0x00007ffeee4ec058:   00007ffeee4ec144 ffffffffc23ae422
0x00007ffeee4ec068:   00000000ffffff01 00007ffeee4ec148
0x00007ffeee4ec078:   00000000ffffffff 0000120300001203
0x00007ffeee4ec088:   0000000000000000 00007fbe4de06990
0x00007ffeee4ec098:   00000000ffffffff 0000000000001203
0x00007ffeee4ec0a8:   00007fbe4de06b10 00007ffeee4ece00
0x00007ffeee4ec0b8:   00007fff2063e2ca 00007fbe4de06990
0x00007ffeee4ec0c8:   00007fbe4de06b10 000000010ee120b0
0x00007ffeee4ec0d8:   0000000000000b03 00007fbe4de06bc8
0x00007ffeee4ec0e8:   00007fff802652d0 41c346f6cfbd2104
0x00007ffeee4ec0f8:   0000000000000c03 0000000000000000
0x00007ffeee4ec108:   00007fbe4de069a0 00007fbe4de06b20
0x00007ffeee4ec118:   ffffffffffffffff 00000000ee4ec420
0x00007ffeee4ec128:   4415af1d78b58c00 00000b03ee4ec170
0x00007ffeee4ec138:   0000000000000b00 0000000000000c03
0x00007ffeee4ec148:   00007ffeee4ec1d0 0000000000000000
0x00007ffeee4ec158:   ffffffffffffffff 00007ffeee4ec420
0x00007ffeee4ec168:   0000000101748309 00007ffeee4ec1b0
0x00007ffeee4ec178:   000000010ed7ff13 00007ffeee4ec1d0
0x00007ffeee4ec188:   000000010ed868a2 000000010ee08298
0x00007ffeee4ec198:   000000010ee0da00 00007fffc08b0819
0x00007ffeee4ec1a8:   000000010ee08298 00007ffeee4ec420
0x00007ffeee4ec1b8:   0000000000000001 000000010ee0da00
0x00007ffeee4ec1c8:   000000010ee08298 00000c0000000000 

Instructions: (pc=0x00007fff20512e7e)
0x00007fff20512d7e:   89 df 31 c9 45 31 c9 ff d0 44 89 f0 48 83 c4 08
0x00007fff20512d8e:   5b 41 5c 41 5d 41 5e 41 5f 5d c3 90 90 90 49 89
0x00007fff20512d9e:   ca b8 0a 00 00 01 0f 05 c3 90 49 89 ca b8 0b 00
0x00007fff20512dae:   00 01 0f 05 c3 90 49 89 ca b8 0c 00 00 01 0f 05
0x00007fff20512dbe:   c3 90 49 89 ca b8 0e 00 00 01 0f 05 c3 90 49 89
0x00007fff20512dce:   ca b8 0f 00 00 01 0f 05 c3 90 49 89 ca b8 10 00
0x00007fff20512dde:   00 01 0f 05 c3 90 49 89 ca b8 12 00 00 01 0f 05
0x00007fff20512dee:   c3 90 49 89 ca b8 13 00 00 01 0f 05 c3 90 49 89
0x00007fff20512dfe:   ca b8 14 00 00 01 0f 05 c3 90 49 89 ca b8 15 00
0x00007fff20512e0e:   00 01 0f 05 c3 90 49 89 ca b8 16 00 00 01 0f 05
0x00007fff20512e1e:   c3 90 49 89 ca b8 17 00 00 01 0f 05 c3 90 49 89
0x00007fff20512e2e:   ca b8 18 00 00 01 0f 05 c3 90 49 89 ca b8 19 00
0x00007fff20512e3e:   00 01 0f 05 c3 90 49 89 ca b8 1a 00 00 01 0f 05
0x00007fff20512e4e:   c3 90 49 89 ca b8 1b 00 00 01 0f 05 c3 90 49 89
0x00007fff20512e5e:   ca b8 1c 00 00 01 0f 05 c3 90 49 89 ca b8 1d 00
0x00007fff20512e6e:   00 01 0f 05 c3 90 49 89 ca b8 1f 00 00 01 0f 05
0x00007fff20512e7e:   c3 90 49 89 ca b8 20 00 00 01 0f 05 c3 90 49 89
0x00007fff20512e8e:   ca b8 21 00 00 01 0f 05 c3 90 49 89 ca b8 22 00
0x00007fff20512e9e:   00 01 0f 05 c3 90 49 89 ca b8 23 00 00 01 0f 05
0x00007fff20512eae:   c3 90 49 89 ca b8 24 00 00 01 0f 05 c3 90 49 89
0x00007fff20512ebe:   ca b8 25 00 00 01 0f 05 c3 90 49 89 ca b8 26 00
0x00007fff20512ece:   00 01 0f 05 c3 90 49 89 ca b8 27 00 00 01 0f 05
0x00007fff20512ede:   c3 90 49 89 ca b8 28 00 00 01 0f 05 c3 90 49 89
0x00007fff20512eee:   ca b8 29 00 00 01 0f 05 c3 90 49 89 ca b8 2a 00
0x00007fff20512efe:   00 01 0f 05 c3 90 49 89 ca b8 2b 00 00 01 0f 05
0x00007fff20512f0e:   c3 90 49 89 ca b8 2c 00 00 01 0f 05 c3 90 49 89
0x00007fff20512f1e:   ca b8 2d 00 00 01 0f 05 c3 90 49 89 ca b8 2e 00
0x00007fff20512f2e:   00 01 0f 05 c3 90 49 89 ca b8 30 00 00 01 0f 05
0x00007fff20512f3e:   c3 90 49 89 ca b8 31 00 00 01 0f 05 c3 90 49 89
0x00007fff20512f4e:   ca b8 32 00 00 01 0f 05 c3 90 49 89 ca b8 33 00
0x00007fff20512f5e:   00 01 0f 05 c3 90 49 89 ca b8 34 00 00 01 0f 05
0x00007fff20512f6e:   c3 90 49 89 ca b8 35 00 00 01 0f 05 c3 90 49 89 


Stack slot to memory mapping:
stack at sp + 0 slots: 
[error occurred during error reporting (inspecting top of stack), id 0xb, SIGSEGV (0xb) at pc=0x0000000103f51448]


---------------  P R O C E S S  ---------------

VM state:not at safepoint (normal execution)

VM Mutex/Monitor currently owned by a thread: None

Heap address: 0x0000000780000000, size: 2048 MB, Compressed Oops mode: Zero based, Oop shift amount: 3
Narrow klass base: 0x0000000800000000, Narrow klass shift: 0
Compressed class space size: 1073741824 Address: 0x0000000800000000

Heap:
 garbage-first heap   total 131072K, used 35729K [0x0000000780000000, 0x0000000800000000)
  region size 1024K, 16 young (16384K), 3 survivors (3072K)
 Metaspace       used 36993K, capacity 37546K, committed 38400K, reserved 1083392K
  class space    used 4299K, capacity 4493K, committed 4608K, reserved 1048576K
Heap Regions: E=young(eden), S=young(survivor), O=old, HS=humongous(starts), HC=humongous(continues), CS=collection set, F=free, A=archive, TAMS=top-at-mark-start (previous, next)
|   0|0x0000000780000000, 0x0000000780100000, 0x0000000780100000|100%|HS|  |TAMS 0x0000000780100000, 0x0000000780000000| Complete 
|   1|0x0000000780100000, 0x0000000780200000, 0x0000000780200000|100%|HC|  |TAMS 0x0000000780200000, 0x0000000780100000| Complete 
|   2|0x0000000780200000, 0x0000000780300000, 0x0000000780300000|100%|HC|  |TAMS 0x0000000780300000, 0x0000000780200000| Complete 
|   3|0x0000000780300000, 0x0000000780400000, 0x0000000780400000|100%| O|  |TAMS 0x0000000780400000, 0x0000000780300000| Untracked 
|   4|0x0000000780400000, 0x0000000780500000, 0x0000000780500000|100%| O|  |TAMS 0x0000000780500000, 0x0000000780400000| Untracked 
|   5|0x0000000780500000, 0x0000000780600000, 0x0000000780600000|100%|HS|  |TAMS 0x0000000780600000, 0x0000000780500000| Complete 
|   6|0x0000000780600000, 0x0000000780700000, 0x0000000780700000|100%|HC|  |TAMS 0x0000000780700000, 0x0000000780600000| Complete 
|   7|0x0000000780700000, 0x0000000780800000, 0x0000000780800000|100%|HC|  |TAMS 0x0000000780800000, 0x0000000780700000| Complete 
|   8|0x0000000780800000, 0x0000000780900000, 0x0000000780900000|100%|HS|  |TAMS 0x0000000780900000, 0x0000000780800000| Complete 
|   9|0x0000000780900000, 0x0000000780a00000, 0x0000000780a00000|100%|HC|  |TAMS 0x0000000780a00000, 0x0000000780900000| Complete 
|  10|0x0000000780a00000, 0x0000000780b00000, 0x0000000780b00000|100%|HC|  |TAMS 0x0000000780b00000, 0x0000000780a00000| Complete 
|  11|0x0000000780b00000, 0x0000000780b00000, 0x0000000780c00000|  0%| F|  |TAMS 0x0000000780b00000, 0x0000000780b00000| Untracked 
|  12|0x0000000780c00000, 0x0000000780c00000, 0x0000000780d00000|  0%| F|  |TAMS 0x0000000780c00000, 0x0000000780c00000| Untracked 
|  13|0x0000000780d00000, 0x0000000780e00000, 0x0000000780e00000|100%| O|  |TAMS 0x0000000780e00000, 0x0000000780d00000| Untracked 
|  14|0x0000000780e00000, 0x0000000780f00000, 0x0000000780f00000|100%| O|  |TAMS 0x0000000780f00000, 0x0000000780e00000| Untracked 
|  15|0x0000000780f00000, 0x0000000781000000, 0x0000000781000000|100%| O|  |TAMS 0x0000000781000000, 0x0000000780f00000| Untracked 
|  16|0x0000000781000000, 0x0000000781100000, 0x0000000781100000|100%| O|  |TAMS 0x0000000781100000, 0x0000000781000000| Untracked 
|  17|0x0000000781100000, 0x0000000781200000, 0x0000000781200000|100%| O|  |TAMS 0x0000000781200000, 0x0000000781100000| Untracked 
|  18|0x0000000781200000, 0x0000000781200000, 0x0000000781300000|  0%| F|  |TAMS 0x0000000781200000, 0x0000000781200000| Untracked 
|  19|0x0000000781300000, 0x0000000781300000, 0x0000000781400000|  0%| F|  |TAMS 0x0000000781300000, 0x0000000781300000| Untracked 
|  20|0x0000000781400000, 0x0000000781400000, 0x0000000781500000|  0%| F|  |TAMS 0x0000000781400000, 0x0000000781400000| Untracked 
|  21|0x0000000781500000, 0x0000000781500000, 0x0000000781600000|  0%| F|  |TAMS 0x0000000781500000, 0x0000000781500000| Untracked 
|  22|0x0000000781600000, 0x0000000781700000, 0x0000000781700000|100%| O|  |TAMS 0x0000000781700000, 0x0000000781600000| Untracked 
|  23|0x0000000781700000, 0x0000000781800000, 0x0000000781800000|100%| O|  |TAMS 0x0000000781800000, 0x0000000781700000| Untracked 
|  24|0x0000000781800000, 0x0000000781900000, 0x0000000781900000|100%| O|  |TAMS 0x0000000781900000, 0x0000000781800000| Untracked 
|  25|0x0000000781900000, 0x00000007819f8c00, 0x0000000781a00000| 97%| O|  |TAMS 0x00000007819f8c00, 0x0000000781900000| Untracked 
|  26|0x0000000781a00000, 0x0000000781a00000, 0x0000000781b00000|  0%| F|  |TAMS 0x0000000781a00000, 0x0000000781a00000| Untracked 
|  27|0x0000000781b00000, 0x0000000781b00000, 0x0000000781c00000|  0%| F|  |TAMS 0x0000000781b00000, 0x0000000781b00000| Untracked 
|  28|0x0000000781c00000, 0x0000000781c00000, 0x0000000781d00000|  0%| F|  |TAMS 0x0000000781c00000, 0x0000000781c00000| Untracked 
|  29|0x0000000781d00000, 0x0000000781d00000, 0x0000000781e00000|  0%| F|  |TAMS 0x0000000781d00000, 0x0000000781d00000| Untracked 
|  30|0x0000000781e00000, 0x0000000781e00000, 0x0000000781f00000|  0%| F|  |TAMS 0x0000000781e00000, 0x0000000781e00000| Untracked 
|  31|0x0000000781f00000, 0x0000000781f00000, 0x0000000782000000|  0%| F|  |TAMS 0x0000000781f00000, 0x0000000781f00000| Untracked 
|  32|0x0000000782000000, 0x0000000782000000, 0x0000000782100000|  0%| F|  |TAMS 0x0000000782000000, 0x0000000782000000| Untracked 
|  33|0x0000000782100000, 0x0000000782100000, 0x0000000782200000|  0%| F|  |TAMS 0x0000000782100000, 0x0000000782100000| Untracked 
|  34|0x0000000782200000, 0x0000000782200000, 0x0000000782300000|  0%| F|  |TAMS 0x0000000782200000, 0x0000000782200000| Untracked 
|  35|0x0000000782300000, 0x0000000782300000, 0x0000000782400000|  0%| F|  |TAMS 0x0000000782300000, 0x0000000782300000| Untracked 
|  36|0x0000000782400000, 0x0000000782400000, 0x0000000782500000|  0%| F|  |TAMS 0x0000000782400000, 0x0000000782400000| Untracked 
|  37|0x0000000782500000, 0x0000000782500000, 0x0000000782600000|  0%| F|  |TAMS 0x0000000782500000, 0x0000000782500000| Untracked 
|  38|0x0000000782600000, 0x0000000782600000, 0x0000000782700000|  0%| F|  |TAMS 0x0000000782600000, 0x0000000782600000| Untracked 
|  39|0x0000000782700000, 0x0000000782700000, 0x0000000782800000|  0%| F|  |TAMS 0x0000000782700000, 0x0000000782700000| Untracked 
|  40|0x0000000782800000, 0x0000000782800000, 0x0000000782900000|  0%| F|  |TAMS 0x0000000782800000, 0x0000000782800000| Untracked 
|  41|0x0000000782900000, 0x0000000782900000, 0x0000000782a00000|  0%| F|  |TAMS 0x0000000782900000, 0x0000000782900000| Untracked 
|  42|0x0000000782a00000, 0x0000000782a00000, 0x0000000782b00000|  0%| F|  |TAMS 0x0000000782a00000, 0x0000000782a00000| Untracked 
|  43|0x0000000782b00000, 0x0000000782b00000, 0x0000000782c00000|  0%| F|  |TAMS 0x0000000782b00000, 0x0000000782b00000| Untracked 
|  44|0x0000000782c00000, 0x0000000782c00000, 0x0000000782d00000|  0%| F|  |TAMS 0x0000000782c00000, 0x0000000782c00000| Untracked 
|  45|0x0000000782d00000, 0x0000000782d00000, 0x0000000782e00000|  0%| F|  |TAMS 0x0000000782d00000, 0x0000000782d00000| Untracked 
|  46|0x0000000782e00000, 0x0000000782e00000, 0x0000000782f00000|  0%| F|  |TAMS 0x0000000782e00000, 0x0000000782e00000| Untracked 
|  47|0x0000000782f00000, 0x0000000782f00000, 0x0000000783000000|  0%| F|  |TAMS 0x0000000782f00000, 0x0000000782f00000| Untracked 
|  48|0x0000000783000000, 0x0000000783000000, 0x0000000783100000|  0%| F|  |TAMS 0x0000000783000000, 0x0000000783000000| Untracked 
|  49|0x0000000783100000, 0x0000000783100000, 0x0000000783200000|  0%| F|  |TAMS 0x0000000783100000, 0x0000000783100000| Untracked 
|  50|0x0000000783200000, 0x0000000783200000, 0x0000000783300000|  0%| F|  |TAMS 0x0000000783200000, 0x0000000783200000| Untracked 
|  51|0x0000000783300000, 0x0000000783300000, 0x0000000783400000|  0%| F|  |TAMS 0x0000000783300000, 0x0000000783300000| Untracked 
|  52|0x0000000783400000, 0x0000000783400000, 0x0000000783500000|  0%| F|  |TAMS 0x0000000783400000, 0x0000000783400000| Untracked 
|  53|0x0000000783500000, 0x0000000783500000, 0x0000000783600000|  0%| F|  |TAMS 0x0000000783500000, 0x0000000783500000| Untracked 
|  54|0x0000000783600000, 0x0000000783600000, 0x0000000783700000|  0%| F|  |TAMS 0x0000000783600000, 0x0000000783600000| Untracked 
|  55|0x0000000783700000, 0x0000000783700000, 0x0000000783800000|  0%| F|  |TAMS 0x0000000783700000, 0x0000000783700000| Untracked 
|  56|0x0000000783800000, 0x0000000783800000, 0x0000000783900000|  0%| F|  |TAMS 0x0000000783800000, 0x0000000783800000| Untracked 
|  57|0x0000000783900000, 0x0000000783900000, 0x0000000783a00000|  0%| F|  |TAMS 0x0000000783900000, 0x0000000783900000| Untracked 
|  58|0x0000000783a00000, 0x0000000783a00000, 0x0000000783b00000|  0%| F|  |TAMS 0x0000000783a00000, 0x0000000783a00000| Untracked 
|  59|0x0000000783b00000, 0x0000000783b00000, 0x0000000783c00000|  0%| F|  |TAMS 0x0000000783b00000, 0x0000000783b00000| Untracked 
|  60|0x0000000783c00000, 0x0000000783c00000, 0x0000000783d00000|  0%| F|  |TAMS 0x0000000783c00000, 0x0000000783c00000| Untracked 
|  61|0x0000000783d00000, 0x0000000783d00000, 0x0000000783e00000|  0%| F|  |TAMS 0x0000000783d00000, 0x0000000783d00000| Untracked 
|  62|0x0000000783e00000, 0x0000000783e00000, 0x0000000783f00000|  0%| F|  |TAMS 0x0000000783e00000, 0x0000000783e00000| Untracked 
|  63|0x0000000783f00000, 0x0000000783f00000, 0x0000000784000000|  0%| F|  |TAMS 0x0000000783f00000, 0x0000000783f00000| Untracked 
|  64|0x0000000784000000, 0x0000000784000000, 0x0000000784100000|  0%| F|  |TAMS 0x0000000784000000, 0x0000000784000000| Untracked 
|  65|0x0000000784100000, 0x0000000784100000, 0x0000000784200000|  0%| F|  |TAMS 0x0000000784100000, 0x0000000784100000| Untracked 
|  66|0x0000000784200000, 0x0000000784200000, 0x0000000784300000|  0%| F|  |TAMS 0x0000000784200000, 0x0000000784200000| Untracked 
|  67|0x0000000784300000, 0x0000000784300000, 0x0000000784400000|  0%| F|  |TAMS 0x0000000784300000, 0x0000000784300000| Untracked 
|  68|0x0000000784400000, 0x0000000784400000, 0x0000000784500000|  0%| F|  |TAMS 0x0000000784400000, 0x0000000784400000| Untracked 
|  69|0x0000000784500000, 0x0000000784500000, 0x0000000784600000|  0%| F|  |TAMS 0x0000000784500000, 0x0000000784500000| Untracked 
|  70|0x0000000784600000, 0x0000000784600000, 0x0000000784700000|  0%| F|  |TAMS 0x0000000784600000, 0x0000000784600000| Untracked 
|  71|0x0000000784700000, 0x0000000784700000, 0x0000000784800000|  0%| F|  |TAMS 0x0000000784700000, 0x0000000784700000| Untracked 
|  72|0x0000000784800000, 0x0000000784800000, 0x0000000784900000|  0%| F|  |TAMS 0x0000000784800000, 0x0000000784800000| Untracked 
|  73|0x0000000784900000, 0x0000000784900000, 0x0000000784a00000|  0%| F|  |TAMS 0x0000000784900000, 0x0000000784900000| Untracked 
|  74|0x0000000784a00000, 0x0000000784a00000, 0x0000000784b00000|  0%| F|  |TAMS 0x0000000784a00000, 0x0000000784a00000| Untracked 
|  75|0x0000000784b00000, 0x0000000784b00000, 0x0000000784c00000|  0%| F|  |TAMS 0x0000000784b00000, 0x0000000784b00000| Untracked 
|  76|0x0000000784c00000, 0x0000000784c00000, 0x0000000784d00000|  0%| F|  |TAMS 0x0000000784c00000, 0x0000000784c00000| Untracked 
|  77|0x0000000784d00000, 0x0000000784d00000, 0x0000000784e00000|  0%| F|  |TAMS 0x0000000784d00000, 0x0000000784d00000| Untracked 
|  78|0x0000000784e00000, 0x0000000784e00000, 0x0000000784f00000|  0%| F|  |TAMS 0x0000000784e00000, 0x0000000784e00000| Untracked 
|  79|0x0000000784f00000, 0x0000000784f00000, 0x0000000785000000|  0%| F|  |TAMS 0x0000000784f00000, 0x0000000784f00000| Untracked 
|  80|0x0000000785000000, 0x0000000785000000, 0x0000000785100000|  0%| F|  |TAMS 0x0000000785000000, 0x0000000785000000| Untracked 
|  81|0x0000000785100000, 0x0000000785100000, 0x0000000785200000|  0%| F|  |TAMS 0x0000000785100000, 0x0000000785100000| Untracked 
|  82|0x0000000785200000, 0x0000000785200000, 0x0000000785300000|  0%| F|  |TAMS 0x0000000785200000, 0x0000000785200000| Untracked 
|  83|0x0000000785300000, 0x0000000785300000, 0x0000000785400000|  0%| F|  |TAMS 0x0000000785300000, 0x0000000785300000| Untracked 
|  84|0x0000000785400000, 0x0000000785400000, 0x0000000785500000|  0%| F|  |TAMS 0x0000000785400000, 0x0000000785400000| Untracked 
|  85|0x0000000785500000, 0x0000000785500000, 0x0000000785600000|  0%| F|  |TAMS 0x0000000785500000, 0x0000000785500000| Untracked 
|  86|0x0000000785600000, 0x0000000785600000, 0x0000000785700000|  0%| F|  |TAMS 0x0000000785600000, 0x0000000785600000| Untracked 
|  87|0x0000000785700000, 0x0000000785700000, 0x0000000785800000|  0%| F|  |TAMS 0x0000000785700000, 0x0000000785700000| Untracked 
|  88|0x0000000785800000, 0x0000000785800000, 0x0000000785900000|  0%| F|  |TAMS 0x0000000785800000, 0x0000000785800000| Untracked 
|  89|0x0000000785900000, 0x0000000785900000, 0x0000000785a00000|  0%| F|  |TAMS 0x0000000785900000, 0x0000000785900000| Untracked 
|  90|0x0000000785a00000, 0x0000000785a00000, 0x0000000785b00000|  0%| F|  |TAMS 0x0000000785a00000, 0x0000000785a00000| Untracked 
|  91|0x0000000785b00000, 0x0000000785b00000, 0x0000000785c00000|  0%| F|  |TAMS 0x0000000785b00000, 0x0000000785b00000| Untracked 
|  92|0x0000000785c00000, 0x0000000785c00000, 0x0000000785d00000|  0%| F|  |TAMS 0x0000000785c00000, 0x0000000785c00000| Untracked 
|  93|0x0000000785d00000, 0x0000000785d00000, 0x0000000785e00000|  0%| F|  |TAMS 0x0000000785d00000, 0x0000000785d00000| Untracked 
|  94|0x0000000785e00000, 0x0000000785e00000, 0x0000000785f00000|  0%| F|  |TAMS 0x0000000785e00000, 0x0000000785e00000| Untracked 
|  95|0x0000000785f00000, 0x0000000785f00000, 0x0000000786000000|  0%| F|  |TAMS 0x0000000785f00000, 0x0000000785f00000| Untracked 
|  96|0x0000000786000000, 0x0000000786000000, 0x0000000786100000|  0%| F|  |TAMS 0x0000000786000000, 0x0000000786000000| Untracked 
|  97|0x0000000786100000, 0x0000000786100000, 0x0000000786200000|  0%| F|  |TAMS 0x0000000786100000, 0x0000000786100000| Untracked 
|  98|0x0000000786200000, 0x0000000786200000, 0x0000000786300000|  0%| F|  |TAMS 0x0000000786200000, 0x0000000786200000| Untracked 
|  99|0x0000000786300000, 0x0000000786300000, 0x0000000786400000|  0%| F|  |TAMS 0x0000000786300000, 0x0000000786300000| Untracked 
| 100|0x0000000786400000, 0x00000007864ebab8, 0x0000000786500000| 92%| S|CS|TAMS 0x0000000786400000, 0x0000000786400000| Complete 
| 101|0x0000000786500000, 0x0000000786600000, 0x0000000786600000|100%| S|CS|TAMS 0x0000000786500000, 0x0000000786500000| Complete 
| 102|0x0000000786600000, 0x0000000786700000, 0x0000000786700000|100%| S|CS|TAMS 0x0000000786600000, 0x0000000786600000| Complete 
| 103|0x0000000786700000, 0x0000000786700000, 0x0000000786800000|  0%| F|  |TAMS 0x0000000786700000, 0x0000000786700000| Untracked 
| 104|0x0000000786800000, 0x0000000786800000, 0x0000000786900000|  0%| F|  |TAMS 0x0000000786800000, 0x0000000786800000| Untracked 
| 105|0x0000000786900000, 0x0000000786900000, 0x0000000786a00000|  0%| F|  |TAMS 0x0000000786900000, 0x0000000786900000| Untracked 
| 106|0x0000000786a00000, 0x0000000786a00000, 0x0000000786b00000|  0%| F|  |TAMS 0x0000000786a00000, 0x0000000786a00000| Untracked 
| 107|0x0000000786b00000, 0x0000000786b00000, 0x0000000786c00000|  0%| F|  |TAMS 0x0000000786b00000, 0x0000000786b00000| Untracked 
| 108|0x0000000786c00000, 0x0000000786c00000, 0x0000000786d00000|  0%| F|  |TAMS 0x0000000786c00000, 0x0000000786c00000| Untracked 
| 109|0x0000000786d00000, 0x0000000786d00000, 0x0000000786e00000|  0%| F|  |TAMS 0x0000000786d00000, 0x0000000786d00000| Untracked 
| 110|0x0000000786e00000, 0x0000000786e00000, 0x0000000786f00000|  0%| F|  |TAMS 0x0000000786e00000, 0x0000000786e00000| Untracked 
| 111|0x0000000786f00000, 0x0000000786f00000, 0x0000000787000000|  0%| F|  |TAMS 0x0000000786f00000, 0x0000000786f00000| Untracked 
| 112|0x0000000787000000, 0x0000000787000000, 0x0000000787100000|  0%| F|  |TAMS 0x0000000787000000, 0x0000000787000000| Untracked 
| 113|0x0000000787100000, 0x0000000787100000, 0x0000000787200000|  0%| F|  |TAMS 0x0000000787100000, 0x0000000787100000| Untracked 
| 114|0x0000000787200000, 0x0000000787200000, 0x0000000787300000|  0%| F|  |TAMS 0x0000000787200000, 0x0000000787200000| Untracked 
| 115|0x0000000787300000, 0x0000000787381c10, 0x0000000787400000| 50%| E|  |TAMS 0x0000000787300000, 0x0000000787300000| Complete 
| 116|0x0000000787400000, 0x0000000787500000, 0x0000000787500000|100%| E|CS|TAMS 0x0000000787400000, 0x0000000787400000| Complete 
| 117|0x0000000787500000, 0x0000000787600000, 0x0000000787600000|100%| E|CS|TAMS 0x0000000787500000, 0x0000000787500000| Complete 
| 118|0x0000000787600000, 0x0000000787700000, 0x0000000787700000|100%| E|CS|TAMS 0x0000000787600000, 0x0000000787600000| Complete 
| 119|0x0000000787700000, 0x0000000787800000, 0x0000000787800000|100%| E|CS|TAMS 0x0000000787700000, 0x0000000787700000| Complete 
| 120|0x0000000787800000, 0x0000000787900000, 0x0000000787900000|100%| E|CS|TAMS 0x0000000787800000, 0x0000000787800000| Complete 
| 121|0x0000000787900000, 0x0000000787a00000, 0x0000000787a00000|100%| E|CS|TAMS 0x0000000787900000, 0x0000000787900000| Complete 
| 122|0x0000000787a00000, 0x0000000787b00000, 0x0000000787b00000|100%| E|CS|TAMS 0x0000000787a00000, 0x0000000787a00000| Complete 
| 123|0x0000000787b00000, 0x0000000787c00000, 0x0000000787c00000|100%| E|CS|TAMS 0x0000000787b00000, 0x0000000787b00000| Complete 
| 124|0x0000000787c00000, 0x0000000787d00000, 0x0000000787d00000|100%| E|CS|TAMS 0x0000000787c00000, 0x0000000787c00000| Complete 
| 125|0x0000000787d00000, 0x0000000787e00000, 0x0000000787e00000|100%| E|CS|TAMS 0x0000000787d00000, 0x0000000787d00000| Complete 
| 126|0x0000000787e00000, 0x0000000787f00000, 0x0000000787f00000|100%| E|CS|TAMS 0x0000000787e00000, 0x0000000787e00000| Complete 
| 127|0x0000000787f00000, 0x0000000788000000, 0x0000000788000000|100%| E|CS|TAMS 0x0000000787f00000, 0x0000000787f00000| Complete 

Card table byte_map: [0x0000000108989000,0x0000000108d89000] _byte_map_base: 0x0000000104d89000

Marking Bits (Prev, Next): (CMBitMap*) 0x00007fbe4e82f218, (CMBitMap*) 0x00007fbe4e82f250
 Prev Bits: [0x0000000109189000, 0x000000010b189000)
 Next Bits: [0x000000010b189000, 0x000000010d189000)

Polling page: 0x00000001017c0000

Metaspace:

Usage:
  Non-class:     32.28 MB capacity,    31.93 MB ( 99%) used,   305.29 KB ( <1%) free+waste,    53.81 KB ( <1%) overhead. 
      Class:      4.39 MB capacity,     4.20 MB ( 96%) used,   169.74 KB (  4%) free+waste,    23.38 KB ( <1%) overhead. 
       Both:     36.67 MB capacity,    36.13 MB ( 99%) used,   475.03 KB (  1%) free+waste,    77.19 KB ( <1%) overhead. 

Virtual space:
  Non-class space:       34.00 MB reserved,      33.00 MB ( 97%) committed 
      Class space:        1.00 GB reserved,       4.50 MB ( <1%) committed 
             Both:        1.03 GB reserved,      37.50 MB (  4%) committed 

Chunk freelists:
   Non-Class:  511.00 KB
       Class:  19.00 KB
        Both:  530.00 KB

MaxMetaspaceSize: unlimited
CompressedClassSpaceSize: 1.00 GB

CodeHeap 'non-profiled nmethods': size=120032Kb used=973Kb max_used=973Kb free=119058Kb
 bounds [0x0000000116944000, 0x0000000116bb4000, 0x000000011de7c000]
CodeHeap 'profiled nmethods': size=120032Kb used=5393Kb max_used=5393Kb free=114638Kb
 bounds [0x000000010f40c000, 0x000000010f95c000, 0x0000000116944000]
CodeHeap 'non-nmethods': size=5696Kb used=1164Kb max_used=1204Kb free=4531Kb
 bounds [0x000000010ee7c000, 0x000000010f0ec000, 0x000000010f40c000]
 total_blobs=3210 nmethods=2695 adapters=427
 compilation: enabled
              stopped_count=0, restarted_count=0
 full_count=0

Compilation events (20 events):
Event: 30.307 Thread 0x00007fbe4e871800 2712       4       java.io.ByteArrayOutputStream::ensureCapacity (16 bytes)
Event: 30.309 Thread 0x00007fbe4f822000 nmethod 2708 0x000000010f943b10 code [0x000000010f943e20, 0x000000010f945500]
Event: 30.309 Thread 0x00007fbe4f822000 2711       3       java.io.ByteArrayOutputStream::<init> (7 bytes)
Event: 30.309 Thread 0x00007fbe4f822000 nmethod 2711 0x000000010f945a90 code [0x000000010f945c40, 0x000000010f945d60]
Event: 30.309 Thread 0x00007fbe4f822000 2709   !   3       java.lang.reflect.Proxy::newProxyInstance (75 bytes)
Event: 30.311 Thread 0x00007fbe4f822000 nmethod 2709 0x000000010f945e10 code [0x000000010f9460c0, 0x000000010f946f10]
Event: 30.311 Thread 0x00007fbe4f822000 2714       3       sun.reflect.annotation.AnnotationParser$1::run (5 bytes)
Event: 30.311 Thread 0x00007fbe4f822000 nmethod 2714 0x000000010f947590 code [0x000000010f947740, 0x000000010f947880]
Event: 30.312 Thread 0x00007fbe4f822000 2715       3       sun.reflect.annotation.AnnotationParser$1::run (40 bytes)
Event: 30.313 Thread 0x00007fbe4f822000 nmethod 2715 0x000000010f947910 code [0x000000010f947bc0, 0x000000010f948af0]
Event: 30.313 Thread 0x00007fbe4f822000 2716       3       sun.reflect.generics.factory.CoreReflectionFactory::getDeclsLoader (85 bytes)
Event: 30.315 Thread 0x00007fbe4f822000 nmethod 2716 0x000000010f948f90 code [0x000000010f949320, 0x000000010f94b170]
Event: 30.315 Thread 0x00007fbe4f822000 2710       3       java.lang.reflect.Proxy::<init> (15 bytes)
Event: 30.315 Thread 0x00007fbe4e871800 nmethod 2712 0x0000000116a36590 code [0x0000000116a36740, 0x0000000116a36918]
Event: 30.315 Thread 0x00007fbe4e871800 2713       4       java.lang.String::equalsIgnoreCase (45 bytes)
Event: 30.316 Thread 0x00007fbe4f822000 nmethod 2710 0x000000010f94b890 code [0x000000010f94ba60, 0x000000010f94bd80]
Event: 30.340 Thread 0x00007fbe4f822000 2719       3       jdk.internal.loader.BuiltinClassLoader::definePackage (276 bytes)
Event: 30.345 Thread 0x00007fbe4f822000 nmethod 2719 0x000000010f94be90 code [0x000000010f94c3a0, 0x000000010f94f3f0]
Event: 30.348 Thread 0x00007fbe4e871800 nmethod 2713 0x0000000116a36a10 code [0x0000000116a36bc0, 0x0000000116a37178]
Event: 30.348 Thread 0x00007fbe4e871800 2718   !   4       java.lang.reflect.Executable::declaredAnnotations (85 bytes)

GC Heap History (8 events):
Event: 6.628 GC heap before
{Heap before GC invocations=0 (full 0):
 garbage-first heap   total 131072K, used 18432K [0x0000000780000000, 0x0000000800000000)
  region size 1024K, 14 young (14336K), 0 survivors (0K)
 Metaspace       used 10145K, capacity 10258K, committed 10624K, reserved 1058816K
  class space    used 870K, capacity 885K, committed 896K, reserved 1048576K
}
Event: 6.635 GC heap after
{Heap after GC invocations=1 (full 0):
 garbage-first heap   total 131072K, used 5229K [0x0000000780000000, 0x0000000800000000)
  region size 1024K, 2 young (2048K), 2 survivors (2048K)
 Metaspace       used 10145K, capacity 10258K, committed 10624K, reserved 1058816K
  class space    used 870K, capacity 885K, committed 896K, reserved 1048576K
}
Event: 13.520 GC heap before
{Heap before GC invocations=1 (full 0):
 garbage-first heap   total 131072K, used 49261K [0x0000000780000000, 0x0000000800000000)
  region size 1024K, 46 young (47104K), 2 survivors (2048K)
 Metaspace       used 20683K, capacity 20920K, committed 21248K, reserved 1069056K
  class space    used 2166K, capacity 2289K, committed 2304K, reserved 1048576K
}
Event: 13.586 GC heap after
{Heap after GC invocations=2 (full 0):
 garbage-first heap   total 131072K, used 9481K [0x0000000780000000, 0x0000000800000000)
  region size 1024K, 7 young (7168K), 7 survivors (7168K)
 Metaspace       used 20683K, capacity 20920K, committed 21248K, reserved 1069056K
  class space    used 2166K, capacity 2289K, committed 2304K, reserved 1048576K
}
Event: 21.183 GC heap before
{Heap before GC invocations=3 (full 0):
 garbage-first heap   total 131072K, used 61705K [0x0000000780000000, 0x0000000800000000)
  region size 1024K, 50 young (51200K), 7 survivors (7168K)
 Metaspace       used 30484K, capacity 30929K, committed 31488K, reserved 1077248K
  class space    used 3585K, capacity 3743K, committed 3840K, reserved 1048576K
}
Event: 21.297 GC heap after
{Heap after GC invocations=4 (full 0):
 garbage-first heap   total 131072K, used 23185K [0x0000000780000000, 0x0000000800000000)
  region size 1024K, 6 young (6144K), 6 survivors (6144K)
 Metaspace       used 30484K, capacity 30929K, committed 31488K, reserved 1077248K
  class space    used 3585K, capacity 3743K, committed 3840K, reserved 1048576K
}
Event: 28.204 GC heap before
{Heap before GC invocations=4 (full 0):
 garbage-first heap   total 131072K, used 51857K [0x0000000780000000, 0x0000000800000000)
  region size 1024K, 31 young (31744K), 6 survivors (6144K)
 Metaspace       used 34813K, capacity 35213K, committed 35840K, reserved 1081344K
  class space    used 4073K, capacity 4230K, committed 4352K, reserved 1048576K
}
Event: 28.253 GC heap after
{Heap after GC invocations=5 (full 0):
 garbage-first heap   total 131072K, used 23441K [0x0000000780000000, 0x0000000800000000)
  region size 1024K, 3 young (3072K), 3 survivors (3072K)
 Metaspace       used 34813K, capacity 35213K, committed 35840K, reserved 1081344K
  class space    used 4073K, capacity 4230K, committed 4352K, reserved 1048576K
}

Deoptimization events (20 events):
Event: 27.642 Thread 0x00007fbe4e811000 DEOPT PACKING pc=0x0000000116a1c49c sp=0x000070000f83c190
Event: 27.642 Thread 0x00007fbe4e811000 DEOPT UNPACKING pc=0x000000010eea2ba5 sp=0x000070000f83c078 mode 2
Event: 27.662 Thread 0x00007fbe4e811000 Uncommon trap: trap_request=0xffffffde fr.pc=0x0000000116a1c49c relative=0x000000000000049c
Event: 27.662 Thread 0x00007fbe4e811000 Uncommon trap: reason=class_check action=maybe_recompile pc=0x0000000116a1c49c method=org.jetbrains.kotlin.protobuf.CodedInputStream.tryRefillBuffer(I)Z @ 177 c2
Event: 27.662 Thread 0x00007fbe4e811000 DEOPT PACKING pc=0x0000000116a1c49c sp=0x000070000f83c190
Event: 27.662 Thread 0x00007fbe4e811000 DEOPT UNPACKING pc=0x000000010eea2ba5 sp=0x000070000f83c078 mode 2
Event: 27.710 Thread 0x00007fbe4e811000 Uncommon trap: trap_request=0xffffffde fr.pc=0x0000000116a1c49c relative=0x000000000000049c
Event: 27.710 Thread 0x00007fbe4e811000 Uncommon trap: reason=class_check action=maybe_recompile pc=0x0000000116a1c49c method=org.jetbrains.kotlin.protobuf.CodedInputStream.tryRefillBuffer(I)Z @ 177 c2
Event: 27.710 Thread 0x00007fbe4e811000 DEOPT PACKING pc=0x0000000116a1c49c sp=0x000070000f83c190
Event: 27.710 Thread 0x00007fbe4e811000 DEOPT UNPACKING pc=0x000000010eea2ba5 sp=0x000070000f83c078 mode 2
Event: 27.710 Thread 0x00007fbe4e811000 Uncommon trap: trap_request=0xffffffde fr.pc=0x0000000116a1c49c relative=0x000000000000049c
Event: 27.710 Thread 0x00007fbe4e811000 Uncommon trap: reason=class_check action=maybe_recompile pc=0x0000000116a1c49c method=org.jetbrains.kotlin.protobuf.CodedInputStream.tryRefillBuffer(I)Z @ 177 c2
Event: 27.710 Thread 0x00007fbe4e811000 DEOPT PACKING pc=0x0000000116a1c49c sp=0x000070000f83c190
Event: 27.710 Thread 0x00007fbe4e811000 DEOPT UNPACKING pc=0x000000010eea2ba5 sp=0x000070000f83c078 mode 2
Event: 27.723 Thread 0x00007fbe4e811000 DEOPT PACKING pc=0x000000010f81435f sp=0x000070000f83bb90
Event: 27.723 Thread 0x00007fbe4e811000 DEOPT UNPACKING pc=0x000000010eea29ba sp=0x000070000f83b118 mode 0
Event: 28.897 Thread 0x00007fbe4e811000 Uncommon trap: trap_request=0xffffff4d fr.pc=0x000000011696db44 relative=0x00000000000004e4
Event: 28.897 Thread 0x00007fbe4e811000 Uncommon trap: reason=unstable_if action=reinterpret pc=0x000000011696db44 method=java.util.concurrent.ConcurrentHashMap.get(Ljava/lang/Object;)Ljava/lang/Object; @ 76 c2
Event: 28.897 Thread 0x00007fbe4e811000 DEOPT PACKING pc=0x000000011696db44 sp=0x000070000f839060
Event: 28.897 Thread 0x00007fbe4e811000 DEOPT UNPACKING pc=0x000000010eea2ba5 sp=0x000070000f839008 mode 2

Classes redefined (0 events):
No events

Internal exceptions (20 events):
Event: 10.934 Thread 0x00007fbe4e811000 Exception <a 'java/io/IOException'{0x0000000786139050}> (0x0000000786139050) thrown at [src/hotspot/share/prims/jni.cpp, line 615]
Event: 11.873 Thread 0x00007fbe4e811000 Exception <a 'java/lang/NoSuchMethodError'{0x0000000785e43540}: 'int java.lang.invoke.DirectMethodHandle$Holder.invokeSpecialIFC(java.lang.Object, java.lang.Object, int)'> (0x0000000785e43540) thrown at [src/hotspot/share/interpreter/linkResolver.cpp, line 773]
Event: 13.251 Thread 0x00007fbe4e811000 Exception <a 'java/lang/NoSuchMethodError'{0x00000007855d69d8}: 'java.lang.Object java.lang.invoke.DirectMethodHandle$Holder.invokeStaticInit(java.lang.Object, int)'> (0x00000007855d69d8) thrown at [src/hotspot/share/interpreter/linkResolver.cpp, line 773]
Event: 13.356 Thread 0x00007fbe4e811000 Exception <a 'java/lang/NoSuchMethodError'{0x0000000785363680}: 'long java.lang.invoke.DirectMethodHandle$Holder.invokeStatic(java.lang.Object)'> (0x0000000785363680) thrown at [src/hotspot/share/interpreter/linkResolver.cpp, line 773]
Event: 13.356 Thread 0x00007fbe4e811000 Exception <a 'java/lang/NoSuchMethodError'{0x00000007853664d8}: 'long java.lang.invoke.DirectMethodHandle$Holder.invokeStaticInit(java.lang.Object)'> (0x00000007853664d8) thrown at [src/hotspot/share/interpreter/linkResolver.cpp, line 773]
Event: 13.748 Thread 0x00007fbe4e811000 Exception <a 'java/lang/NoSuchMethodError'{0x0000000787db31c8}: 'int java.lang.invoke.DirectMethodHandle$Holder.invokeStaticInit(java.lang.Object, java.lang.Object, java.lang.Object)'> (0x0000000787db31c8) thrown at [src/hotspot/share/interpreter/linkResolver.cpp, line 773]
Event: 13.767 Thread 0x00007fbe4e811000 Exception <a 'java/lang/NoSuchMethodError'{0x0000000787ddeee0}: 'int java.lang.invoke.DirectMethodHandle$Holder.invokeStaticInit(java.lang.Object, java.lang.Object)'> (0x0000000787ddeee0) thrown at [src/hotspot/share/interpreter/linkResolver.cpp, line 773]
Event: 16.292 Thread 0x00007fbe4e811000 Exception <a 'java/lang/NoSuchMethodError'{0x00000007873795b8}: 'java.lang.Object java.lang.invoke.DirectMethodHandle$Holder.invokeStatic(java.lang.Object, java.lang.Object, java.lang.Object, java.lang.Object, java.lang.Object, java.lang.Object, java.lang.Object, java.lang.Object, java.lang.Object, java.lang.Object, java.lang.Object, java.lang.Object, java.lang.Object, java.lang.Object, java.lang.Object)'> (0x00000007873795b8) thrown at [src/hotspot/share/interpreter/linkResolver.cpp, line 773]
Event: 16.302 Thread 0x00007fbe4e811000 Exception <a 'java/lang/NoSuchMethodError'{0x0000000787387818}: 'java.lang.Object java.lang.invoke.DirectMethodHandle$Holder.invokeStatic(java.lang.Object, java.lang.Object, java.lang.Object, java.lang.Object, java.lang.Object, java.lang.Object, java.lang.Object, java.lang.Object, java.lang.Object, java.lang.Object, java.lang.Object, java.lang.Object, java.lang.Object, java.lang.Object, java.lang.Object, java.lang.Object)'> (0x0000000787387818) thrown at [src/hotspot/share/interpreter/linkResolver.cpp, lin
Event: 16.304 Thread 0x00007fbe4e811000 Exception <a 'java/lang/NoSuchMethodError'{0x0000000787395730}: 'java.lang.Object java.lang.invoke.DirectMethodHandle$Holder.invokeSpecial(java.lang.Object, java.lang.Object, int, int, java.lang.Object, java.lang.Object, java.lang.Object)'> (0x0000000787395730) thrown at [src/hotspot/share/interpreter/linkResolver.cpp, line 773]
Event: 16.304 Thread 0x00007fbe4e811000 Exception <a 'java/lang/NoSuchMethodError'{0x0000000787398f68}: 'java.lang.Object java.lang.invoke.DelegatingMethodHandle$Holder.reinvoke_L(java.lang.Object, int, int, java.lang.Object, java.lang.Object, java.lang.Object)'> (0x0000000787398f68) thrown at [src/hotspot/share/interpreter/linkResolver.cpp, line 773]
Event: 16.306 Thread 0x00007fbe4e811000 Exception <a 'java/lang/NoSuchMethodError'{0x000000078739d2f0}: 'java.lang.Object java.lang.invoke.DirectMethodHandle$Holder.invokeStatic(java.lang.Object, java.lang.Object, java.lang.Object, java.lang.Object, int)'> (0x000000078739d2f0) thrown at [src/hotspot/share/interpreter/linkResolver.cpp, line 773]
Event: 16.596 Thread 0x00007fbe4e811000 Implicit null exception at 0x00000001169cb02c to 0x00000001169cb1da
Event: 16.754 Thread 0x00007fbe4e811000 Exception <a 'java/lang/NoSuchMethodError'{0x0000000786efea78}: 'void java.lang.invoke.DirectMethodHandle$Holder.invokeStatic(java.lang.Object, java.lang.Object, java.lang.Object, java.lang.Object)'> (0x0000000786efea78) thrown at [src/hotspot/share/interpreter/linkResolver.cpp, line 773]
Event: 17.251 Thread 0x00007fbe4e811000 Exception <a 'java/lang/NoSuchMethodError'{0x0000000786c50640}: 'void java.lang.invoke.DirectMethodHandle$Holder.invokeSpecial(java.lang.Object, java.lang.Object)'> (0x0000000786c50640) thrown at [src/hotspot/share/interpreter/linkResolver.cpp, line 773]
Event: 17.816 Thread 0x00007fbe4e811000 Exception <a 'java/lang/NoSuchMethodError'{0x0000000786af6470}: 'void java.lang.invoke.DirectMethodHandle$Holder.invokeStaticInit(java.lang.Object, java.lang.Object)'> (0x0000000786af6470) thrown at [src/hotspot/share/interpreter/linkResolver.cpp, line 773]
Event: 17.890 Thread 0x00007fbe4e811000 Exception <a 'java/lang/NoSuchMethodError'{0x00000007869350f0}: 'void java.lang.invoke.DirectMethodHandle$Holder.invokeInterface(java.lang.Object, java.lang.Object)'> (0x00000007869350f0) thrown at [src/hotspot/share/interpreter/linkResolver.cpp, line 773]
Event: 18.637 Thread 0x00007fbe4e811000 Exception <a 'java/lang/NoSuchMethodError'{0x00000007864701e0}: 'void java.lang.invoke.DirectMethodHandle$Holder.invokeVirtual(java.lang.Object, java.lang.Object)'> (0x00000007864701e0) thrown at [src/hotspot/share/interpreter/linkResolver.cpp, line 773]
Event: 18.686 Thread 0x00007fbe4e811000 Exception <a 'java/lang/NoSuchMethodError'{0x00000007864e7220}: 'int java.lang.invoke.DirectMethodHandle$Holder.invokeVirtual(java.lang.Object, java.lang.Object)'> (0x00000007864e7220) thrown at [src/hotspot/share/interpreter/linkResolver.cpp, line 773]
Event: 27.465 Thread 0x00007fbe4e811000 Exception <a 'java/lang/NoSuchMethodError'{0x0000000786cf53d8}: 'java.lang.Object java.lang.invoke.DirectMethodHandle$Holder.invokeVirtual(java.lang.Object, java.lang.Object, java.lang.Object)'> (0x0000000786cf53d8) thrown at [src/hotspot/share/interpreter/linkResolver.cpp, line 773]

Events (20 events):
Event: 30.346 loading class org/jetbrains/kotlin/resolve/scopes/HierarchicalScope
Event: 30.346 loading class org/jetbrains/kotlin/resolve/scopes/HierarchicalScope done
Event: 30.346 loading class org/jetbrains/kotlin/resolve/calls/results/OverloadResolutionResults
Event: 30.346 loading class org/jetbrains/kotlin/resolve/calls/results/OverloadResolutionResults done
Event: 30.347 loading class org/jetbrains/kotlin/resolve/calls/model/ResolvedValueArgument
Event: 30.347 loading class org/jetbrains/kotlin/resolve/calls/model/ResolvedValueArgument done
Event: 30.347 loading class org/jetbrains/kotlin/com/intellij/openapi/module/Module
Event: 30.347 loading class org/jetbrains/kotlin/com/intellij/openapi/module/Module done
Event: 30.350 loading class org/jetbrains/kotlin/resolve/lazy/data/KtClassLikeInfo
Event: 30.350 loading class org/jetbrains/kotlin/resolve/lazy/data/KtClassLikeInfo done
Event: 30.351 loading class org/jetbrains/kotlin/load/kotlin/KotlinClassFinder$Result
Event: 30.351 loading class org/jetbrains/kotlin/load/kotlin/KotlinClassFinder$Result done
Event: 30.352 loading class org/jetbrains/kotlin/load/java/lazy/LazyJavaPackageFragmentProvider
Event: 30.352 loading class org/jetbrains/kotlin/load/java/lazy/LazyJavaPackageFragmentProvider done
Event: 30.374 loading class org/jetbrains/kotlin/load/kotlin/JavaClassDataFinder
Event: 30.374 loading class org/jetbrains/kotlin/load/kotlin/JavaClassDataFinder done
Event: 30.420 loading class org/jetbrains/kotlin/load/kotlin/BinaryClassAnnotationAndConstantLoaderImpl
Event: 30.420 loading class org/jetbrains/kotlin/load/kotlin/BinaryClassAnnotationAndConstantLoaderImpl done
Event: 30.424 loading class org/jetbrains/kotlin/load/kotlin/AbstractBinaryClassAnnotationAndConstantLoader
Event: 30.424 loading class org/jetbrains/kotlin/load/kotlin/AbstractBinaryClassAnnotationAndConstantLoader done


Dynamic libraries:
0x00007fff351d3000 	/System/Library/Frameworks/Cocoa.framework/Versions/A/Cocoa
0x00007fff223f8000 	/System/Library/Frameworks/Security.framework/Versions/A/Security
0x00007fff333d0000 	/System/Library/Frameworks/ApplicationServices.framework/Versions/A/ApplicationServices
0x0000000101730000 	/Users/amanshuraikwar/Library/Application Support/JetBrains/Toolbox/apps/AndroidStudio/ch-1/203.7435690/Android Studio Preview.app/Contents/jre/Contents/Home/lib/jli/libjli.dylib
0x00007fff2a749000 	/usr/lib/libSystem.B.dylib
0x00007fff22e1f000 	/System/Library/Frameworks/AppKit.framework/Versions/C/AppKit
0x00007fff25cb7000 	/System/Library/Frameworks/CoreData.framework/Versions/A/CoreData
0x00007fff2136b000 	/System/Library/Frameworks/Foundation.framework/Versions/C/Foundation
0x00007fff23b82000 	/System/Library/PrivateFrameworks/UIFoundation.framework/Versions/A/UIFoundation
0x00007fff2fdaf000 	/System/Library/PrivateFrameworks/RemoteViewServices.framework/Versions/A/RemoteViewServices
0x00007fff28ba8000 	/System/Library/PrivateFrameworks/XCTTargetBootstrap.framework/Versions/A/XCTTargetBootstrap
0x00007fff2b889000 	/usr/lib/libspindump.dylib
0x00007fff23dd7000 	/System/Library/Frameworks/UniformTypeIdentifiers.framework/Versions/A/UniformTypeIdentifiers
0x00007fff2737e000 	/usr/lib/libapp_launch_measurement.dylib
0x00007fff27381000 	/System/Library/PrivateFrameworks/CoreAutoLayout.framework/Versions/A/CoreAutoLayout
0x00007fff2850a000 	/System/Library/Frameworks/Metal.framework/Versions/A/Metal
0x00007fff291fa000 	/usr/lib/liblangid.dylib
0x00007fff28bac000 	/System/Library/PrivateFrameworks/CoreSVG.framework/Versions/A/CoreSVG
0x00007fff24dbe000 	/System/Library/PrivateFrameworks/SkyLight.framework/Versions/A/SkyLight
0x00007fff25125000 	/System/Library/Frameworks/CoreGraphics.framework/Versions/A/CoreGraphics
0x00007fff30406000 	/System/Library/Frameworks/Accelerate.framework/Versions/A/Accelerate
0x00007fff2b2c4000 	/System/Library/PrivateFrameworks/IconServices.framework/Versions/A/IconServices
0x00007fff284ef000 	/System/Library/Frameworks/IOSurface.framework/Versions/A/IOSurface
0x00007fff26640000 	/usr/lib/libDiagnosticMessagesClient.dylib
0x00007fff2a681000 	/usr/lib/libz.1.dylib
0x00007fff28b94000 	/System/Library/PrivateFrameworks/DFRFoundation.framework/Versions/A/DFRFoundation
0x00007fff2274a000 	/usr/lib/libicucore.A.dylib
0x00007fff2cdd0000 	/System/Library/Frameworks/AudioToolbox.framework/Versions/A/AudioToolbox
0x00007fff2c075000 	/System/Library/PrivateFrameworks/DataDetectorsCore.framework/Versions/A/DataDetectorsCore
0x00007fff28894000 	/System/Library/Frameworks/Carbon.framework/Versions/A/Frameworks/HIToolbox.framework/Versions/A/HIToolbox
0x00007fff26dd9000 	/System/Library/Frameworks/QuartzCore.framework/Versions/A/QuartzCore
0x00007fff2fdeb000 	/System/Library/Frameworks/Carbon.framework/Versions/A/Frameworks/SpeechRecognition.framework/Versions/A/SpeechRecognition
0x00007fff270e6000 	/System/Library/PrivateFrameworks/CoreUI.framework/Versions/A/CoreUI
0x00007fff21d53000 	/System/Library/Frameworks/CoreAudio.framework/Versions/A/CoreAudio
0x00007fff2672b000 	/System/Library/Frameworks/DiskArbitration.framework/Versions/A/DiskArbitration
0x00007fff2bc84000 	/System/Library/PrivateFrameworks/MultitouchSupport.framework/Versions/A/MultitouchSupport
0x00007fff2c06c000 	/System/Library/PrivateFrameworks/InternationalSupport.framework/Versions/A/InternationalSupport
0x00007fff24d32000 	/usr/lib/libenergytrace.dylib
0x00007fff22d18000 	/System/Library/Frameworks/IOKit.framework/Versions/A/IOKit
0x00007fff30138000 	/System/Library/Frameworks/CoreServices.framework/Versions/A/CoreServices
0x00007fff27314000 	/System/Library/PrivateFrameworks/PerformanceAnalysis.framework/Versions/A/PerformanceAnalysis
0x00007fff6caa1000 	/System/Library/Frameworks/OpenGL.framework/Versions/A/OpenGL
0x00007fff2c0f1000 	/System/Library/PrivateFrameworks/UserActivity.framework/Versions/A/UserActivity
0x00007fff203de000 	/usr/lib/libobjc.A.dylib
0x00007fff257b9000 	/System/Library/Frameworks/ColorSync.framework/Versions/A/ColorSync
0x00007fff205be000 	/System/Library/Frameworks/CoreFoundation.framework/Versions/A/CoreFoundation
0x00007fff28e11000 	/System/Library/Frameworks/CoreImage.framework/Versions/A/CoreImage
0x00007fff21b6a000 	/System/Library/Frameworks/CoreText.framework/Versions/A/CoreText
0x00007fff28bd6000 	/System/Library/Frameworks/ImageIO.framework/Versions/A/ImageIO
0x00007fff2a74f000 	/System/Library/PrivateFrameworks/SoftLinking.framework/Versions/A/SoftLinking
0x00007fff273ca000 	/usr/lib/libxml2.2.dylib
0x00007fff204a3000 	/usr/lib/libc++.1.dylib
0x00007fff2a9c1000 	/usr/lib/libcompression.dylib
0x00007fff24d33000 	/usr/lib/libMobileGestalt.dylib
0x00007fff2bf9f000 	/System/Library/PrivateFrameworks/TextureIO.framework/Versions/A/TextureIO
0x00007fff2afe7000 	/usr/lib/libate.dylib
0x00007fff2a743000 	/usr/lib/system/libcache.dylib
0x00007fff2a6ff000 	/usr/lib/system/libcommonCrypto.dylib
0x00007fff2a729000 	/usr/lib/system/libcompiler_rt.dylib
0x00007fff2a71e000 	/usr/lib/system/libcopyfile.dylib
0x00007fff202cc000 	/usr/lib/system/libcorecrypto.dylib
0x00007fff20399000 	/usr/lib/system/libdispatch.dylib
0x00007fff2054d000 	/usr/lib/system/libdyld.dylib
0x00007fff2a73a000 	/usr/lib/system/libkeymgr.dylib
0x00007fff2db82000 	/usr/lib/system/liblaunch.dylib
0x00007fff2a6dd000 	/usr/lib/system/libmacho.dylib
0x00007fff29ef7000 	/usr/lib/system/libquarantine.dylib
0x00007fff2a737000 	/usr/lib/system/libremovefile.dylib
0x00007fff24d8f000 	/usr/lib/system/libsystem_asl.dylib
0x00007fff2027c000 	/usr/lib/system/libsystem_blocks.dylib
0x00007fff2041a000 	/usr/lib/system/libsystem_c.dylib
0x00007fff2a731000 	/usr/lib/system/libsystem_collections.dylib
0x00007fff291eb000 	/usr/lib/system/libsystem_configuration.dylib
0x00007fff284de000 	/usr/lib/system/libsystem_containermanager.dylib
0x00007fff2a479000 	/usr/lib/system/libsystem_coreservices.dylib
0x00007fff229ac000 	/usr/lib/system/libsystem_darwin.dylib
0x00007fff2a73b000 	/usr/lib/system/libsystem_dnssd.dylib
0x00007fff20417000 	/usr/lib/system/libsystem_featureflags.dylib
0x00007fff20592000 	/usr/lib/system/libsystem_info.dylib
0x00007fff2a694000 	/usr/lib/system/libsystem_m.dylib
0x00007fff2036c000 	/usr/lib/system/libsystem_malloc.dylib
0x00007fff24d23000 	/usr/lib/system/libsystem_networkextension.dylib
0x00007fff22dc7000 	/usr/lib/system/libsystem_notify.dylib
0x00007fff30036000 	/usr/lib/system/libsystem_product_info_filter.dylib
0x00007fff291ef000 	/usr/lib/system/libsystem_sandbox.dylib
0x00007fff2a734000 	/usr/lib/system/libsystem_secinit.dylib
0x00007fff20512000 	/usr/lib/system/libsystem_kernel.dylib
0x00007fff20588000 	/usr/lib/system/libsystem_platform.dylib
0x00007fff20541000 	/usr/lib/system/libsystem_pthread.dylib
0x00007fff2648e000 	/usr/lib/system/libsystem_symptoms.dylib
0x00007fff202b4000 	/usr/lib/system/libsystem_trace.dylib
0x00007fff2a70b000 	/usr/lib/system/libunwind.dylib
0x00007fff2027e000 	/usr/lib/system/libxpc.dylib
0x00007fff204f9000 	/usr/lib/libc++abi.dylib
0x00007fff2a716000 	/usr/lib/liboah.dylib
0x00007fff2adcc000 	/usr/lib/liblzma.5.dylib
0x00007fff2107f000 	/System/Library/Frameworks/SystemConfiguration.framework/Versions/A/SystemConfiguration
0x00007fff2a74b000 	/usr/lib/libfakelink.dylib
0x00007fff24885000 	/System/Library/Frameworks/CFNetwork.framework/Versions/A/CFNetwork
0x00007fff2a88b000 	/usr/lib/libarchive.2.dylib
0x00007fff210fd000 	/usr/lib/libCRFSuite.dylib
0x00007fff29f1e000 	/usr/lib/libbsm.0.dylib
0x00007fff24241000 	/usr/lib/libnetwork.dylib
0x00007fff2a750000 	/usr/lib/libpcap.A.dylib
0x00007fff26487000 	/usr/lib/libdns_services.dylib
0x00007fff2ade5000 	/usr/lib/libcoretls_cfhelpers.dylib
0x00007fff2a98f000 	/usr/lib/libapple_nghttp2.dylib
0x00007fff2a6e3000 	/usr/lib/system/libkxld.dylib
0x00007fff260ed000 	/usr/lib/libsqlite3.dylib
0x00007fff2a45b000 	/System/Library/PrivateFrameworks/AppleFSCompression.framework/Versions/A/AppleFSCompression
0x00007fff29f06000 	/usr/lib/libcoretls.dylib
0x00007fff2a9bc000 	/usr/lib/libpam.2.dylib
0x00007fff2aee2000 	/usr/lib/libxar.1.dylib
0x00007fff291f6000 	/System/Library/PrivateFrameworks/AppleSystemInfo.framework/Versions/A/AppleSystemInfo
0x00007fff29b49000 	/System/Library/PrivateFrameworks/IOMobileFramebuffer.framework/Versions/A/IOMobileFramebuffer
0x00007fff2a46b000 	/usr/lib/libbz2.1.0.dylib
0x00007fff2a788000 	/usr/lib/libiconv.2.dylib
0x00007fff2a6dc000 	/usr/lib/libcharset.1.dylib
0x00007fff27350000 	/System/Library/Frameworks/CoreServices.framework/Versions/A/Frameworks/FSEvents.framework/Versions/A/FSEvents
0x00007fff229b6000 	/System/Library/Frameworks/CoreServices.framework/Versions/A/Frameworks/CarbonCore.framework/Versions/A/CarbonCore
0x00007fff26690000 	/System/Library/Frameworks/CoreServices.framework/Versions/A/Frameworks/Metadata.framework/Versions/A/Metadata
0x00007fff2a47e000 	/System/Library/Frameworks/CoreServices.framework/Versions/A/Frameworks/OSServices.framework/Versions/A/OSServices
0x00007fff2a8fd000 	/System/Library/Frameworks/CoreServices.framework/Versions/A/Frameworks/SearchKit.framework/Versions/A/SearchKit
0x00007fff26411000 	/System/Library/Frameworks/CoreServices.framework/Versions/A/Frameworks/AE.framework/Versions/A/AE
0x00007fff20a5a000 	/System/Library/Frameworks/CoreServices.framework/Versions/A/Frameworks/LaunchServices.framework/Versions/A/LaunchServices
0x00007fff2ad7d000 	/System/Library/Frameworks/CoreServices.framework/Versions/A/Frameworks/DictionaryServices.framework/Versions/A/DictionaryServices
0x00007fff27359000 	/System/Library/Frameworks/CoreServices.framework/Versions/A/Frameworks/SharedFileList.framework/Versions/A/SharedFileList
0x00007fff29efa000 	/usr/lib/libCheckFix.dylib
0x00007fff24da6000 	/System/Library/PrivateFrameworks/TCC.framework/Versions/A/TCC
0x00007fff291fc000 	/System/Library/PrivateFrameworks/CoreNLP.framework/Versions/A/CoreNLP
0x00007fff26643000 	/System/Library/PrivateFrameworks/MetadataUtilities.framework/Versions/A/MetadataUtilities
0x00007fff21133000 	/usr/lib/libmecabra.dylib
0x00007fff2a20d000 	/System/Library/Frameworks/MLCompute.framework/Versions/A/MLCompute
0x00007fff29f2f000 	/usr/lib/libmecab.dylib
0x00007fff29f79000 	/usr/lib/libgermantok.dylib
0x00007fff2a965000 	/usr/lib/libThaiTokenizer.dylib
0x00007fff2af1d000 	/usr/lib/libChineseTokenizer.dylib
0x00007fff2a9ba000 	/System/Library/Frameworks/MetalPerformanceShaders.framework/Versions/A/MetalPerformanceShaders
0x00007fff26732000 	/System/Library/Frameworks/Accelerate.framework/Versions/A/Frameworks/vImage.framework/Versions/A/vImage
0x00007fff30111000 	/System/Library/Frameworks/Accelerate.framework/Versions/A/Frameworks/vecLib.framework/Versions/A/vecLib
0x00007fff2af28000 	/System/Library/Frameworks/Accelerate.framework/Versions/A/Frameworks/vecLib.framework/Versions/A/libvMisc.dylib
0x00007fff29962000 	/System/Library/Frameworks/Accelerate.framework/Versions/A/Frameworks/vecLib.framework/Versions/A/libvDSP.dylib
0x00007fff20d5e000 	/System/Library/Frameworks/Accelerate.framework/Versions/A/Frameworks/vecLib.framework/Versions/A/libBLAS.dylib
0x00007fff2a9e0000 	/System/Library/Frameworks/Accelerate.framework/Versions/A/Frameworks/vecLib.framework/Versions/A/libLAPACK.dylib
0x00007fff29f7f000 	/System/Library/Frameworks/Accelerate.framework/Versions/A/Frameworks/vecLib.framework/Versions/A/libLinearAlgebra.dylib
0x00007fff2a9a7000 	/System/Library/Frameworks/Accelerate.framework/Versions/A/Frameworks/vecLib.framework/Versions/A/libSparseBLAS.dylib
0x00007fff2a9da000 	/System/Library/Frameworks/Accelerate.framework/Versions/A/Frameworks/vecLib.framework/Versions/A/libQuadrature.dylib
0x00007fff292a4000 	/System/Library/Frameworks/Accelerate.framework/Versions/A/Frameworks/vecLib.framework/Versions/A/libBNNS.dylib
0x00007fff21010000 	/System/Library/Frameworks/Accelerate.framework/Versions/A/Frameworks/vecLib.framework/Versions/A/libSparse.dylib
0x00007fff2918f000 	/System/Library/Frameworks/MetalPerformanceShaders.framework/Versions/A/Frameworks/MPSCore.framework/Versions/A/MPSCore
0x00007fff2a3ca000 	/System/Library/Frameworks/MetalPerformanceShaders.framework/Versions/A/Frameworks/MPSImage.framework/Versions/A/MPSImage
0x00007fff29f95000 	/System/Library/Frameworks/MetalPerformanceShaders.framework/Versions/A/Frameworks/MPSNeuralNetwork.framework/Versions/A/MPSNeuralNetwork
0x00007fff2a355000 	/System/Library/Frameworks/MetalPerformanceShaders.framework/Versions/A/Frameworks/MPSMatrix.framework/Versions/A/MPSMatrix
0x00007fff2a1bd000 	/System/Library/Frameworks/MetalPerformanceShaders.framework/Versions/A/Frameworks/MPSRayIntersector.framework/Versions/A/MPSRayIntersector
0x00007fff2a38c000 	/System/Library/Frameworks/MetalPerformanceShaders.framework/Versions/A/Frameworks/MPSNDArray.framework/Versions/A/MPSNDArray
0x00007fff20c8a000 	/System/Library/PrivateFrameworks/MetalTools.framework/Versions/A/MetalTools
0x00007fff291f4000 	/System/Library/PrivateFrameworks/AggregateDictionary.framework/Versions/A/AggregateDictionary
0x00007fff2661b000 	/System/Library/PrivateFrameworks/CoreAnalytics.framework/Versions/A/CoreAnalytics
0x00007fff2a967000 	/System/Library/PrivateFrameworks/AppleSauce.framework/Versions/A/AppleSauce
0x00007fff28501000 	/System/Library/PrivateFrameworks/IOAccelerator.framework/Versions/A/IOAccelerator
0x00007fff6ca95000 	/System/Library/Frameworks/OpenGL.framework/Versions/A/Libraries/libCoreFSCache.dylib
0x00007fff216cf000 	/System/Library/PrivateFrameworks/LanguageModeling.framework/Versions/A/LanguageModeling
0x00007fff29b36000 	/System/Library/PrivateFrameworks/CoreEmoji.framework/Versions/A/CoreEmoji
0x00007fff2929d000 	/System/Library/PrivateFrameworks/LinguisticData.framework/Versions/A/LinguisticData
0x00007fff20fc2000 	/System/Library/PrivateFrameworks/Lexicon.framework/Versions/A/Lexicon
0x00007fff2a879000 	/usr/lib/libcmph.dylib
0x00007fff27330000 	/System/Library/Frameworks/OpenDirectory.framework/Versions/A/Frameworks/CFOpenDirectory.framework/Versions/A/CFOpenDirectory
0x00007fff27320000 	/System/Library/Frameworks/OpenDirectory.framework/Versions/A/OpenDirectory
0x00007fff2ade7000 	/System/Library/PrivateFrameworks/APFS.framework/Versions/A/APFS
0x00007fff29e5b000 	/System/Library/Frameworks/SecurityFoundation.framework/Versions/A/SecurityFoundation
0x00007fff2aef0000 	/usr/lib/libutil.dylib
0x00007fff22cdd000 	/System/Library/PrivateFrameworks/CoreServicesStore.framework/Versions/A/CoreServicesStore
0x00007fff29ef2000 	/System/Library/Frameworks/ServiceManagement.framework/Versions/A/ServiceManagement
0x00007fff2aef4000 	/usr/lib/libxslt.1.dylib
0x00007fff29ee8000 	/System/Library/PrivateFrameworks/BackgroundTaskManagement.framework/Versions/A/BackgroundTaskManagement
0x00007fff2bee9000 	/System/Library/Frameworks/ImageIO.framework/Versions/A/Resources/libRadiance.dylib
0x00007fff2bef3000 	/System/Library/Frameworks/ImageIO.framework/Versions/A/Resources/libJPEG.dylib
0x00007fff2be3e000 	/System/Library/Frameworks/ImageIO.framework/Versions/A/Resources/libPng.dylib
0x00007fff2be65000 	/System/Library/Frameworks/ImageIO.framework/Versions/A/Resources/libTIFF.dylib
0x00007fff2bf48000 	/System/Library/Frameworks/ImageIO.framework/Versions/A/Resources/libGIF.dylib
0x00007fff2bba1000 	/System/Library/Frameworks/ImageIO.framework/Versions/A/Resources/libJP2.dylib
0x00007fff2b28b000 	/usr/lib/libexpat.1.dylib
0x00007fff2bb56000 	/System/Library/PrivateFrameworks/AppleJPEG.framework/Versions/A/AppleJPEG
0x00007fff28737000 	/System/Library/PrivateFrameworks/FontServices.framework/libFontParser.dylib
0x00007fff263c5000 	/System/Library/PrivateFrameworks/RunningBoardServices.framework/Versions/A/RunningBoardServices
0x00007fff2bc80000 	/System/Library/PrivateFrameworks/WatchdogClient.framework/Versions/A/WatchdogClient
0x00007fff217bc000 	/System/Library/Frameworks/CoreDisplay.framework/Versions/A/CoreDisplay
0x00007fff2864d000 	/System/Library/Frameworks/CoreMedia.framework/Versions/A/CoreMedia
0x00007fff274ad000 	/System/Library/Frameworks/CoreVideo.framework/Versions/A/CoreVideo
0x00007fff2bcb8000 	/System/Library/Frameworks/VideoToolbox.framework/Versions/A/VideoToolbox
0x00007fff26343000 	/System/Library/PrivateFrameworks/BaseBoard.framework/Versions/A/BaseBoard
0x00007fff2b3d0000 	/System/Library/PrivateFrameworks/PersistentConnection.framework/Versions/A/PersistentConnection
0x00007fff260d6000 	/System/Library/PrivateFrameworks/ProtocolBuffer.framework/Versions/A/ProtocolBuffer
0x00007fff2632a000 	/System/Library/PrivateFrameworks/CommonUtilities.framework/Versions/A/CommonUtilities
0x00007fff2baeb000 	/System/Library/PrivateFrameworks/Bom.framework/Versions/A/Bom
0x00007fff2bee2000 	/System/Library/PrivateFrameworks/GPUWrangler.framework/Versions/A/GPUWrangler
0x00007fff2bec5000 	/System/Library/PrivateFrameworks/IOPresentment.framework/Versions/A/IOPresentment
0x00007fff2beed000 	/System/Library/PrivateFrameworks/DSExternalDisplay.framework/Versions/A/DSExternalDisplay
0x00007fff2bf4d000 	/System/Library/PrivateFrameworks/CMCaptureCore.framework/Versions/A/CMCaptureCore
0x00007fff2b870000 	/System/Library/PrivateFrameworks/AppServerSupport.framework/Versions/A/AppServerSupport
0x00007fff2d921000 	/System/Library/PrivateFrameworks/perfdata.framework/Versions/A/perfdata
0x00007fff29e4a000 	/System/Library/PrivateFrameworks/AssertionServices.framework/Versions/A/AssertionServices
0x00007fff218f3000 	/System/Library/PrivateFrameworks/AudioToolboxCore.framework/Versions/A/AudioToolboxCore
0x00007fff28630000 	/System/Library/PrivateFrameworks/caulk.framework/Versions/A/caulk
0x00007fff3d5cc000 	/System/Library/PrivateFrameworks/SystemPolicy.framework/Versions/A/SystemPolicy
0x00007fff2b080000 	/usr/lib/libIOReport.dylib
0x00007fff2d143000 	/usr/lib/libSMC.dylib
0x00007fff2be0b000 	/usr/lib/libAudioToolboxUtility.dylib
0x00007fff3df36000 	/usr/lib/libmis.dylib
0x00007fff6caf1000 	/System/Library/Frameworks/OpenGL.framework/Versions/A/Libraries/libGLU.dylib
0x00007fff6cab4000 	/System/Library/Frameworks/OpenGL.framework/Versions/A/Libraries/libGFXShared.dylib
0x00007fff6ccc3000 	/System/Library/Frameworks/OpenGL.framework/Versions/A/Libraries/libGL.dylib
0x00007fff6cabd000 	/System/Library/Frameworks/OpenGL.framework/Versions/A/Libraries/libGLImage.dylib
0x00007fff6cab1000 	/System/Library/Frameworks/OpenGL.framework/Versions/A/Libraries/libCVMSPluginSupport.dylib
0x00007fff6ca9c000 	/System/Library/Frameworks/OpenGL.framework/Versions/A/Libraries/libCoreVMClient.dylib
0x00007fff6e104000 	/System/Library/Frameworks/OpenCL.framework/Versions/A/OpenCL
0x00007fff2b3fa000 	/System/Library/PrivateFrameworks/GraphVisualizer.framework/Versions/A/GraphVisualizer
0x00007fff2b409000 	/System/Library/PrivateFrameworks/FaceCore.framework/Versions/A/FaceCore
0x00007fff2b825000 	/System/Library/PrivateFrameworks/OTSVG.framework/Versions/A/OTSVG
0x00007fff270a4000 	/System/Library/Frameworks/ApplicationServices.framework/Versions/A/Frameworks/ATS.framework/Versions/A/Resources/libFontRegistry.dylib
0x00007fff2b877000 	/System/Library/PrivateFrameworks/FontServices.framework/libhvf.dylib
0x00007fff2b237000 	/System/Library/PrivateFrameworks/AppleVA.framework/Versions/A/AppleVA
0x00007fff2cf8c000 	/System/Library/Frameworks/ApplicationServices.framework/Versions/A/Frameworks/ATS.framework/Versions/A/ATS
0x00007fff2d29e000 	/System/Library/Frameworks/ApplicationServices.framework/Versions/A/Frameworks/ColorSyncLegacy.framework/Versions/A/ColorSyncLegacy
0x00007fff258b0000 	/System/Library/Frameworks/ApplicationServices.framework/Versions/A/Frameworks/HIServices.framework/Versions/A/HIServices
0x00007fff2d283000 	/System/Library/Frameworks/ApplicationServices.framework/Versions/A/Frameworks/LangAnalysis.framework/Versions/A/LangAnalysis
0x00007fff2bf57000 	/System/Library/Frameworks/ApplicationServices.framework/Versions/A/Frameworks/PrintCore.framework/Versions/A/PrintCore
0x00007fff2d2a6000 	/System/Library/Frameworks/ApplicationServices.framework/Versions/A/Frameworks/QD.framework/Versions/A/QD
0x00007fff2cf7c000 	/System/Library/Frameworks/ApplicationServices.framework/Versions/A/Frameworks/SpeechSynthesis.framework/Versions/A/SpeechSynthesis
0x00007fff2bf18000 	/System/Library/Frameworks/ApplicationServices.framework/Versions/A/Frameworks/ATSUI.framework/Versions/A/ATSUI
0x00007fff2d223000 	/usr/lib/libcups.2.dylib
0x00007fff2d293000 	/System/Library/PrivateFrameworks/NetAuth.framework/Versions/A/NetAuth
0x00007fff2d93d000 	/System/Library/Frameworks/Kerberos.framework/Versions/A/Kerberos
0x00007fff2d94d000 	/System/Library/Frameworks/GSS.framework/Versions/A/GSS
0x00007fff2cff8000 	/usr/lib/libresolv.9.dylib
0x00007fff2b88c000 	/System/Library/PrivateFrameworks/Heimdal.framework/Versions/A/Heimdal
0x00007fff336d1000 	/System/Library/Frameworks/Kerberos.framework/Versions/A/Libraries/libHeimdalProxy.dylib
0x00007fff26496000 	/System/Library/Frameworks/Network.framework/Versions/A/Network
0x00007fff2b2a5000 	/usr/lib/libheimdal-asn1.dylib
0x00007fff2d99d000 	/System/Library/PrivateFrameworks/CommonAuth.framework/Versions/A/CommonAuth
0x00007fff274fa000 	/System/Library/PrivateFrameworks/login.framework/Versions/A/Frameworks/loginsupport.framework/Versions/A/loginsupport
0x00007fff2cf01000 	/System/Library/PrivateFrameworks/AudioSession.framework/Versions/A/AudioSession
0x00007fff2cf69000 	/usr/lib/libAudioStatistics.dylib
0x00007fff2b332000 	/System/Library/PrivateFrameworks/MediaExperience.framework/Versions/A/MediaExperience
0x00007fff2cd9e000 	/System/Library/PrivateFrameworks/AudioSession.framework/libSessionUtility.dylib
0x00007fff2d92e000 	/usr/lib/libperfcheck.dylib
0x00007fff2d2b2000 	/System/Library/PrivateFrameworks/AudioResourceArbitration.framework/Versions/A/AudioResourceArbitration
0x00007fff2b2af000 	/System/Library/PrivateFrameworks/IconFoundation.framework/Versions/A/IconFoundation
0x00007fff2fddb000 	/System/Library/PrivateFrameworks/SpeechRecognitionCore.framework/Versions/A/SpeechRecognitionCore
0x0000000103800000 	/Users/amanshuraikwar/Library/Application Support/JetBrains/Toolbox/apps/AndroidStudio/ch-1/203.7435690/Android Studio Preview.app/Contents/jre/Contents/Home/lib/server/libjvm.dylib
0x0000000101761000 	/Users/amanshuraikwar/Library/Application Support/JetBrains/Toolbox/apps/AndroidStudio/ch-1/203.7435690/Android Studio Preview.app/Contents/jre/Contents/Home/lib/libverify.dylib
0x0000000101774000 	/Users/amanshuraikwar/Library/Application Support/JetBrains/Toolbox/apps/AndroidStudio/ch-1/203.7435690/Android Studio Preview.app/Contents/jre/Contents/Home/lib/libjava.dylib
0x00000001017ae000 	/Users/amanshuraikwar/Library/Application Support/JetBrains/Toolbox/apps/AndroidStudio/ch-1/203.7435690/Android Studio Preview.app/Contents/jre/Contents/Home/lib/libjimage.dylib
0x00000001017ca000 	/Users/amanshuraikwar/Library/Application Support/JetBrains/Toolbox/apps/AndroidStudio/ch-1/203.7435690/Android Studio Preview.app/Contents/jre/Contents/Home/lib/libzip.dylib
0x000000010d9f5000 	/Users/amanshuraikwar/Library/Application Support/JetBrains/Toolbox/apps/AndroidStudio/ch-1/203.7435690/Android Studio Preview.app/Contents/jre/Contents/Home/lib/libnio.dylib
0x000000010da10000 	/Users/amanshuraikwar/Library/Application Support/JetBrains/Toolbox/apps/AndroidStudio/ch-1/203.7435690/Android Studio Preview.app/Contents/jre/Contents/Home/lib/libnet.dylib
0x000000010da33000 	/private/var/folders/86/wwr6p60j6vnbb68lfb4c497m0000gn/T/libjansi-1.5.10-release-890 (1.5.10)-17619649662751744367.jnilib


VM Arguments:
java_command: org.jetbrains.kotlin.cli.jvm.K2JVMCompiler @/Users/amanshuraikwar/projects/NxtBuz/data/build/20210701_4451855691466785102.compiler.options
java_class_path (initial): /Users/amanshuraikwar/.gradle/caches/modules-2/files-2.1/org.jetbrains.kotlin/kotlin-compiler-embeddable/1.5.10/9c35134a025cab7a1e6eee0d87d241c2f30c1218/kotlin-compiler-embeddable-1.5.10.jar:/Users/amanshuraikwar/.gradle/caches/modules-2/files-2.1/org.jetbrains.kotlin/kotlin-reflect/1.5.10/d6c70f3c0df2457ea0095c61c1fc1188017dc3bc/kotlin-reflect-1.5.10.jar:/Users/amanshuraikwar/.gradle/caches/modules-2/files-2.1/org.jetbrains.kotlin/kotlin-stdlib/1.5.10/da6a904b132f0402fa4d79169a3c1770598d4702/kotlin-stdlib-1.5.10.jar:/Users/amanshuraikwar/.gradle/caches/modules-2/files-2.1/org.jetbrains.kotlin/kotlin-script-runtime/1.5.10/69bad0ece91b0797055aeadbd44dc742c458398b/kotlin-script-runtime-1.5.10.jar:/Users/amanshuraikwar/.gradle/caches/modules-2/files-2.1/org.jetbrains.kotlin/kotlin-daemon-embeddable/1.5.10/d06ad33b62b041dae0609f830c3b48135d53b8bc/kotlin-daemon-embeddable-1.5.10.jar:/Users/amanshuraikwar/.gradle/caches/modules-2/files-2.1/org.jetbrains.intellij.deps/trove4j/1.0.20181211/216c2e14b070f334479d800987affe4054cd563f/trove4j-1.0.20181211.jar:/Users/amanshuraikwar/.gradle/caches/modules-2/files-2.1/org.jetbrains/annotations/13.0/919f0dfe192fb4e063e7dacadee7f8bb9a2672a9/annotations-13.0.jar:/Users/amanshuraikwar/.gradle/caches/modules-2/files-2.1/org.jetbrains.kotlin/kotlin-stdlib-common/1.5.10/6b84d926e28493be69daf673e40076f89492ef7/kotlin-stdlib-common-1.5.10.jar
Launcher Type: SUN_STANDARD

[Global flags]
     intx CICompilerCount                          = 3                                         {product} {ergonomic}
     uint ConcGCThreads                            = 1                                         {product} {ergonomic}
     uint G1ConcRefinementThreads                  = 4                                         {product} {ergonomic}
   size_t G1HeapRegionSize                         = 1048576                                   {product} {ergonomic}
    uintx GCDrainStackTargetSize                   = 64                                        {product} {ergonomic}
   size_t InitialHeapSize                          = 134217728                                 {product} {ergonomic}
   size_t MarkStackSize                            = 4194304                                   {product} {ergonomic}
   size_t MaxHeapSize                              = 2147483648                                {product} {ergonomic}
   size_t MaxNewSize                               = 1287651328                                {product} {ergonomic}
   size_t MinHeapDeltaBytes                        = 1048576                                   {product} {ergonomic}
    uintx NonNMethodCodeHeapSize                   = 5830732                                {pd product} {ergonomic}
    uintx NonProfiledCodeHeapSize                  = 122913754                              {pd product} {ergonomic}
    uintx ProfiledCodeHeapSize                     = 122913754                              {pd product} {ergonomic}
    uintx ReservedCodeCacheSize                    = 251658240                              {pd product} {ergonomic}
     bool SegmentedCodeCache                       = true                                      {product} {ergonomic}
     bool UseCompressedClassPointers               = true                                 {lp64_product} {ergonomic}
     bool UseCompressedOops                        = true                                 {lp64_product} {ergonomic}
     bool UseG1GC                                  = true                                      {product} {ergonomic}

Logging:
Log output configuration:
 #0: stdout all=warning uptime,level,tags
 #1: stderr all=off uptime,level,tags

Environment Variables:
JAVA_HOME=/Users/amanshuraikwar/.sdkman/candidates/java/current
PATH=/Users/amanshuraikwar/.sdkman/candidates/kotlin/current/bin:/Users/amanshuraikwar/.sdkman/candidates/java/current/bin:/Users/amanshuraikwar/scripts:/Users/amanshuraikwar/Library/Android/sdk/platform-tools:/Users/amanshuraikwar/Library/Android/sdk/tools:/usr/local/bin:/usr/bin:/bin:/usr/sbin:/sbin:/Library/Apple/usr/bin:/Users/amanshuraikwar/Library/Android/sdk/platform-tools
SHELL=/bin/zsh
LC_CTYPE=

Signal Handlers:
SIGSEGV: [libjvm.dylib+0x78fc66], sa_mask[0]=11111111011111110111111111111111, sa_flags=SA_ONSTACK|SA_RESTART|SA_SIGINFO
SIGBUS: [libjvm.dylib+0x78fc66], sa_mask[0]=11111111011111110111111111111111, sa_flags=SA_RESTART|SA_SIGINFO
SIGFPE: [libjvm.dylib+0x78fc66], sa_mask[0]=11111111011111110111111111111111, sa_flags=SA_RESTART|SA_SIGINFO
SIGPIPE: [libjvm.dylib+0x5feb77], sa_mask[0]=11111111011111110111111111111111, sa_flags=SA_RESTART|SA_SIGINFO
SIGXFSZ: [libjvm.dylib+0x5feb77], sa_mask[0]=11111111011111110111111111111111, sa_flags=SA_RESTART|SA_SIGINFO
SIGILL: [libjvm.dylib+0x78fc66], sa_mask[0]=11111111011111110111111111111111, sa_flags=SA_RESTART|SA_SIGINFO
SIGUSR2: [libjvm.dylib+0x5ff156], sa_mask[0]=00100000000000000000000000000000, sa_flags=SA_RESTART|SA_SIGINFO
SIGHUP: [libjvm.dylib+0x5fdc3f], sa_mask[0]=11111111011111110111111111111111, sa_flags=SA_RESTART|SA_SIGINFO
SIGINT: [libjvm.dylib+0x5fdc3f], sa_mask[0]=11111111011111110111111111111111, sa_flags=SA_RESTART|SA_SIGINFO
SIGTERM: [libjvm.dylib+0x5fdc3f], sa_mask[0]=11111111011111110111111111111111, sa_flags=SA_RESTART|SA_SIGINFO
SIGQUIT: [libjvm.dylib+0x5fdc3f], sa_mask[0]=11111111011111110111111111111111, sa_flags=SA_RESTART|SA_SIGINFO


---------------  S Y S T E M  ---------------

OS:uname:Darwin 20.3.0 Darwin Kernel Version 20.3.0: Thu Jan 21 00:07:06 PST 2021; root:xnu-7195.81.3~1/RELEASE_X86_64 x86_64
OS uptime: 2 days 10:22 hours
rlimit (soft/hard): STACK 8192k/65532k , CORE 0k/infinity , NPROC 1392/2088 , NOFILE 10240/infinity , AS infinity/infinity , CPU infinity/infinity , DATA infinity/infinity , FSIZE infinity/infinity , MEMLOCK infinity/infinity , RSS infinity/infinity
load average:34.83 38.20 24.64

CPU:total 4 (initial active 4) (2 cores per cpu, 2 threads per core) family 6 model 142 stepping 9 microcode 0xde, cmov, cx8, fxsr, mmx, sse, sse2, sse3, ssse3, sse4.1, sse4.2, popcnt, avx, avx2, aes, clmul, erms, rtm, 3dnowpref, lzcnt, ht, tsc, tscinvbit, bmi1, bmi2, adx, fma

Memory: 4k page, physical 8388608k(34952k free), swap 15728640k(1413120k free)

vm_info: OpenJDK 64-Bit Server VM (11.0.10+0-b96-7281165) for bsd-amd64 JRE (11.0.10+0-b96-7281165), built on Apr 14 2021 15:20:36 by "builder" with gcc Android (6875598, based on r399163b) Clang 11.0.5 (https://android.googlesource.com/toolchain/llvm-project 87f1315dfbea7c137aa2e6d362dbb457e388158d)

END.
